
> frontend@0.0.1 dev
> vite dev

2:07:07 PM [vite] (client) Forced re-optimization of dependencies

  VITE v7.3.1  ready in 1575 ms

  ➜  Local:   http://localhost:5173/
  ➜  Network: use --host to expose
2:07:39 PM [vite] (ssr) Error when evaluating SSR module /src/routes/+page.svelte: src/lib/components/Terminal.svelte:3:10 afterUpdate cannot be used in runes mode
https://svelte.dev/e/runes_mode_invalid_import
  Plugin: vite-plugin-svelte:compile
  File: src/lib/components/Terminal.svelte:3:10
   1 |  <script lang="ts">
   2 |    import { logs, serverStatus } from '$lib/store';
   3 |    import { afterUpdate } from 'svelte';
                              ^
   4 |
   5 |    let logContainer: HTMLElement;

[1;31m[500] GET /[0m

2:08:34 PM [vite-plugin-svelte] src/lib/components/Terminal.svelte:5:5 `command` is updated, but is not declared with `$state(...)`. Changing its value will not correctly trigger updates
https://svelte.dev/e/non_reactive_update
2:08:34 PM [vite] (ssr) Error when evaluating SSR module /src/routes/+page.svelte: src/lib/components/Management.svelte:116:1 `$:` is not allowed in runes mode, use `$derived` or `$effect` instead
https://svelte.dev/e/legacy_reactive_statement_invalid
  Plugin: vite-plugin-svelte:compile
  File: src/lib/components/Management.svelte:116:1
   114 |    // Derived list of all known players across files
   115 |    let allPlayers: string[] = [];
   116 |    $: {
             ^
   117 |      const names = new Set([
   118 |        ...whitelist.map((p) => p.name),

[1;31m[500] GET /[0m

2:09:29 PM [vite] (ssr) page reload src/lib/components/Terminal.svelte
2:11:37 PM [vite] (client) hmr update /src/routes/+layout.svelte
2:11:37 PM [vite] (ssr) page reload src/routes/+layout.svelte
2:25:03 PM [vite] (client) page reload .svelte-kit/generated/client/nodes/0.js
2:25:03 PM [vite] (client) page reload .svelte-kit/generated/client/nodes/1.js
2:25:03 PM [vite] (client) page reload .svelte-kit/generated/client/nodes/2.js
2:25:03 PM [vite] (client) page reload .svelte-kit/generated/client/app.js
2:25:03 PM [vite] (client) page reload .svelte-kit/generated/client/matchers.js
2:25:03 PM [vite] (ssr) page reload .svelte-kit/generated/server/internal.js
2:25:03 PM [vite] (client) page reload .svelte-kit/generated/root.js
2:25:03 PM [vite] (ssr) page reload .svelte-kit/generated/root.js
2:25:04 PM [vite] (ssr) page reload .svelte-kit/generated/root.svelte
2:25:24 PM [vite] (client) hmr update /src/lib/components/Management.svelte, /src/app.css
2:25:24 PM [vite] (ssr) page reload src/lib/components/Management.svelte
6:07:58 PM [vite] (client) hmr update /src/lib/components/Management.svelte, /src/app.css
6:07:58 PM [vite] (ssr) page reload src/lib/components/Management.svelte
6:08:04 PM [vite] (client) hmr update /src/lib/components/Management.svelte, /src/app.css
6:08:04 PM [vite] (ssr) page reload src/lib/components/Management.svelte
6:08:09 PM [vite] (client) hmr update /src/lib/components/Management.svelte, /src/app.css
6:08:09 PM [vite] (ssr) page reload src/lib/components/Management.svelte
6:08:13 PM [vite] (client) hmr update /src/lib/components/Management.svelte, /src/app.css
6:08:13 PM [vite] (ssr) page reload src/lib/components/Management.svelte
6:08:18 PM [vite] (client) hmr update /src/lib/components/Management.svelte, /src/app.css
6:08:18 PM [vite] (ssr) page reload src/lib/components/Management.svelte
6:08:33 PM [vite] (client) hmr update /src/lib/components/Management.svelte, /src/app.css
6:08:33 PM [vite] (ssr) page reload src/lib/components/Management.svelte
6:57:46 PM [vite] (client) hmr update /src/lib/components/Terminal.svelte, /src/app.css
6:57:46 PM [vite] (ssr) page reload src/lib/components/Terminal.svelte
4:12:28 AM [vite] (client) hmr update /src/lib/components/Management.svelte, /src/app.css
4:12:28 AM [vite] (ssr) page reload src/lib/components/Management.svelte
4:12:34 AM [vite] (client) hmr update /src/lib/components/Management.svelte, /src/app.css
4:12:34 AM [vite] (ssr) page reload src/lib/components/Management.svelte
4:13:03 AM [vite] (client) hmr update /src/lib/components/Management.svelte, /src/app.css
4:13:03 AM [vite] (ssr) page reload src/lib/components/Management.svelte
4:13:37 AM [vite] (client) hmr update /src/lib/components/Management.svelte, /src/app.css
4:13:37 AM [vite] (ssr) page reload src/lib/components/Management.svelte
4:13:50 AM [vite] (client) hmr update /src/lib/components/Management.svelte, /src/app.css
4:13:50 AM [vite] (ssr) page reload src/lib/components/Management.svelte
4:31:09 AM [vite] (client) hmr update /src/lib/components/Management.svelte, /src/app.css
4:31:09 AM [vite] (ssr) page reload src/lib/components/Management.svelte
4:45:48 AM [vite] (client) hmr update /src/lib/components/Terminal.svelte, /src/app.css
4:45:48 AM [vite] (ssr) page reload src/lib/components/Terminal.svelte
4:46:19 AM [vite] (client) hmr update /src/lib/components/Terminal.svelte, /src/app.css
4:46:19 AM [vite] (ssr) page reload src/lib/components/Terminal.svelte
4:46:24 AM [vite] (client) hmr update /src/lib/components/Terminal.svelte, /src/app.css
4:46:24 AM [vite] (ssr) page reload src/lib/components/Terminal.svelte
4:46:30 AM [vite] (client) hmr update /src/lib/components/Terminal.svelte, /src/app.css
4:46:30 AM [vite] (ssr) page reload src/lib/components/Terminal.svelte
4:46:45 AM [vite] (client) hmr update /src/app.css
4:46:45 AM [vite] (ssr) page reload src/lib/components/Terminal.svelte
5:02:25 AM [vite] (client) hmr update /src/lib/components/Management.svelte, /src/app.css
5:02:25 AM [vite] (ssr) page reload src/lib/components/Management.svelte
